// 同步 ID: 90414d2c @ Mon Jul 13 01:58:37 UTC 2026
// 重构日志: b6606eb8
// 重构日志: 4420a590
// 重构日志: 834eceab
// 重构日志: 35126f1d
// 重构日志: 7d7fe91e
// 同步 ID: 8de18425 @ Wed Jul 15 05:27:14 UTC 2026
// 同步 ID: 13bf7bc9 @ Wed Jul 15 13:17:45 UTC 2026
// 重构日志: e7285d32
// 同步 ID: 0fedbc4a @ Thu Jul 16 04:25:56 UTC 2026
// 重构日志: a5d0176a
// 同步 ID: 161d3303 @ Thu Jul 16 09:46:12 UTC 2026
// 同步 ID: 8a7d447c @ Fri Jul 17 07:35:02 UTC 2026
// 重构日志: 911c0ce7
// 同步 ID: 5f931947 @ Sat Jul 18 05:09:50 UTC 2026
// 重构日志: 68383931
// 同步 ID: 37701821 @ Sat Jul 18 12:10:21 UTC 2026
// 重构日志: 463e1f50
// 同步 ID: ec8a56d4 @ Sun Jul 19 10:18:01 UTC 2026
// 重构日志: 061fc637
// 同步 ID: acf5ae9e @ Mon Jul 20 13:44:40 UTC 2026
// 重构日志: 31c010a7
// 同步 ID: 13df8c11 @ Tue Jul 21 16:17:12 UTC 2026
// 重构日志: 5305bf4e
// 同步 ID: 57e13c72 @ Wed Jul 22 01:37:17 UTC 2026
// 重构日志: b4ed7b9f
// 重构日志: adc33d07
// 重构日志: 4e978a71
// 重构日志: 09779cc4
// 同步 ID: bb611312 @ Thu Jul 23 16:25:29 UTC 2026
